{'lgb_params': {'objective': 'regression', 'metric': 'rmse', 'boosting': 'gbdt', 'max_depth': 5, 'num_leaves': 12, 'learning_rate': 0.03, 'bagging_freq': 1, 'bagging_fraction': 0.7, 'feature_fraction': 0.7, 'max_bin': 7, 'min_data_in_leaf': 20, 'boost_from_average': 'false', 'verbosity': -1, 'num_threads': 12, 'seed': 42}, 'rounds': 2000, 'early_stopping_rounds': 300, 'verbose_eval': 100, 'folds': 10, 'seed': 42, 'remark': ''}
['feature0', 'feature1', 'feature2', 'feature3', 'feature4', 'feature5', 'feature6', 'feature7', 'feature8', 'feature9', 'feature10', 'feature11', 'feature12', 'feature13', 'feature14', 'feature15', 'feature16', 'feature17', 'feature18', 'feature19', 'feature20', 'feature21', 'feature22', 'feature23', 'feature24', 'feature25', 'feature26', 'feature27', 'feature28', 'feature29', 'feature30', 'feature31', 'feature32', 'feature33', 'feature34', 'feature35', 'feature36', 'feature37', 'feature38', 'feature39', 'feature40', 'feature41', 'feature42', 'feature43', 'feature44', 'feature45', 'feature46', 'feature47', 'feature48', 'feature49', 'feature50', 'feature51', 'feature52', 'feature53', 'feature54', 'feature55', 'feature56', 'feature57', 'feature58', 'feature59', 'feature60', 'feature61', 'feature62', 'feature63', 'feature64', 'feature65', 'feature66', 'feature67', 'feature68', 'feature69', 'feature70', 'feature71', 'feature72', 'feature73', 'feature74', 'feature75', 'feature76', 'feature77', 'feature78', 'feature79', 'feature80', 'feature81', 'feature82', 'feature83', 'feature84', 'feature85', 'feature86', 'feature87', 'feature88', 'feature89', 'feature90', 'feature91', 'feature92', 'feature93', 'feature94', 'feature95', 'feature96', 'feature97', 'feature98', 'feature99', 'feature100', 'feature101', 'feature102', 'feature103', 'feature104', 'feature105', 'feature106', 'feature107', 'feature108', 'feature109', 'feature110', 'feature111', 'feature112', 'feature113', 'feature114', 'feature115', 'feature116', 'feature117', 'feature118', 'feature119', 'feature120', 'feature121', 'feature122', 'feature123', 'feature124', 'feature125', 'feature126', 'feature127', 'feature128', 'feature129', 'feature130', 'feature131', 'feature132', 'feature133', 'feature134', 'feature135', 'feature136', 'feature137', 'feature138', 'feature139', 'feature140', 'feature141', 'feature142', 'feature143', 'feature144', 'feature145', 'feature146', 'feature147', 'feature148', 'feature149', 'feature150', 'feature151', 'feature152', 'feature153', 'feature154', 'feature155', 'feature156', 'feature157', 'feature158', 'feature159', 'feature160', 'feature161', 'feature162', 'feature163', 'feature164', 'feature165', 'feature166', 'feature167', 'feature168', 'feature169', 'feature170', 'feature171', 'feature172', 'feature173', 'feature174', 'feature175', 'feature176', 'feature177', 'feature178', 'feature179', 'feature180', 'feature181', 'feature182', 'feature183', 'feature184', 'feature185', 'feature186', 'feature187', 'feature188', 'feature189', 'feature190', 'feature191', 'feature192', 'feature193', 'feature194', 'feature195', 'feature196', 'feature197', 'feature198', 'feature199', 'feature200', 'feature201', 'feature202', 'feature203', 'feature204', 'feature205', 'feature206', 'feature207', 'feature208', 'feature209', 'feature210', 'feature211', 'feature212', 'feature213', 'feature214', 'feature215', 'feature216', 'feature217', 'feature218', 'feature219', 'feature220', 'feature221', 'feature222', 'feature223', 'feature224', 'feature225', 'feature226', 'feature227', 'feature228', 'feature229', 'feature230', 'feature231', 'feature232', 'feature233', 'feature234', 'feature235', 'feature236', 'feature237', 'feature238', 'feature239', 'feature240', 'feature241', 'feature242', 'feature243', 'feature244', 'feature245', 'feature246', 'feature247', 'feature248', 'feature249', 'feature250', 'feature251', 'feature252', 'feature253', 'feature254', 'feature255', 'feature256', 'feature257', 'feature258', 'feature259', 'feature260', 'feature261', 'feature262', 'feature263', 'feature264', 'feature265', 'feature266', 'feature267', 'feature268', 'feature269', 'feature270', 'feature271', 'feature272', 'feature273', 'feature274', 'feature275', 'feature276', 'feature277', 'feature278', 'feature279', 'feature280', 'feature281', 'feature282', 'feature283', 'feature284', 'feature285', 'feature286', 'feature287', 'feature288', 'feature289', 'feature290', 'feature291', 'feature292', 'feature293', 'feature294', 'feature295', 'feature296', 'feature297', 'feature298', 'feature299', 'feature300', 'feature301', 'feature302', 'feature303', 'feature304', 'feature305', 'feature306', 'feature307', 'feature308', 'feature309', 'feature310', 'feature311', 'feature312', 'feature313', 'feature314', 'feature315', 'feature316', 'feature317', 'feature318', 'feature319', 'feature320', 'feature321', 'feature322', 'feature323', 'feature324', 'feature325', 'feature326', 'feature327', 'feature328', 'feature329', 'feature330', 'feature331', 'feature332', 'feature333', 'feature334', 'feature335', 'feature336', 'feature337', 'feature338', 'feature339', 'feature340', 'feature341', 'feature342', 'feature343', 'feature344', 'feature345', 'feature346', 'feature347', 'feature348', 'feature349', 'feature350', 'feature351', 'feature352', 'feature353', 'feature354', 'feature355', 'feature356', 'feature357', 'feature358', 'feature359', 'feature360', 'feature361', 'feature362', 'feature363', 'feature364', 'feature365', 'feature366', 'feature367', 'feature368', 'feature369', 'feature370', 'feature371', 'feature372', 'feature373', 'feature374', 'feature375', 'feature376', 'feature377', 'feature378', 'feature379', 'feature380', 'feature381', 'feature382', 'feature383', 'feature384', 'feature385', 'feature386', 'feature387', 'feature388', 'feature389', 'feature390', 'feature391', 'feature392', 'feature393', 'feature394', 'feature395', 'feature396', 'feature397', 'feature398', 'feature399', 'feature400', 'feature401', 'feature402', 'feature403', 'feature404', 'feature405', 'feature406', 'feature407', 'feature408', 'feature409', 'feature410', 'feature411', 'feature412', 'feature413', 'feature414', 'feature415', 'feature416', 'feature417', 'feature418', 'feature419', 'feature420', 'feature421', 'feature422', 'feature423', 'feature424', 'feature425', 'feature426', 'feature427', 'feature428', 'feature429', 'feature430', 'feature431', 'feature432', 'feature433', 'feature434', 'feature435', 'feature436', 'feature437', 'feature438', 'feature439', 'feature440', 'feature441', 'feature442', 'feature443', 'feature444', 'feature445', 'feature446', 'feature447', 'feature448', 'feature449', 'feature450', 'feature451', 'feature452', 'feature453', 'feature454', 'feature455', 'feature456', 'feature457', 'feature458', 'feature459', 'feature460', 'feature461', 'feature462', 'feature463', 'feature464', 'feature465', 'feature466', 'feature467', 'feature468', 'feature469', 'feature470', 'feature471', 'feature472', 'feature473', 'feature474', 'feature475', 'feature476', 'feature477', 'feature478', 'feature479', 'feature480', 'feature481', 'feature482', 'feature483', 'feature484', 'feature485', 'feature486', 'feature487', 'feature488', 'feature489', 'feature490', 'feature491', 'feature492', 'feature493', 'feature494', 'feature495', 'feature496', 'feature497', 'feature498', 'feature499', 'feature500', 'feature501', 'feature502', 'feature503', 'feature504', 'feature505', 'feature506', 'feature507', 'feature508', 'feature509', 'feature510', 'feature511', 'feature512', 'feature513', 'feature514', 'feature515', 'feature516', 'feature517', 'feature518', 'feature519', 'feature520', 'feature521', 'feature522', 'feature523', 'feature524', 'feature525']
 - 0 round - train_metric: 0.622085 - valid_metric: 0.478343

 - 100 round - train_metric: 0.288928 - valid_metric: 0.142770

 - 200 round - train_metric: 0.251041 - valid_metric: 0.155135

- fold0 valid metric: 0.772003, valid_mean:0.440470

 - 0 round - train_metric: 0.615813 - valid_metric: 0.546592

 - 100 round - train_metric: 0.263257 - valid_metric: 0.367788

 - 200 round - train_metric: 0.226775 - valid_metric: 0.372211

- fold1 valid metric: 0.141246, valid_mean:0.400542

 - 0 round - train_metric: 0.615866 - valid_metric: 0.540683

 - 100 round - train_metric: 0.279266 - valid_metric: 0.225784

 - 200 round - train_metric: 0.240720 - valid_metric: 0.248791

- fold2 valid metric: 0.568281, valid_mean:0.461422

 - 0 round - train_metric: 0.602483 - valid_metric: 0.665834

 - 100 round - train_metric: 0.276501 - valid_metric: 0.328770

 - 200 round - train_metric: 0.242449 - valid_metric: 0.327328

 - 300 round - train_metric: 0.218990 - valid_metric: 0.325984

- fold3 valid metric: 0.557407, valid_mean:0.470386

 - 0 round - train_metric: 0.616736 - valid_metric: 0.536714

 - 100 round - train_metric: 0.270988 - valid_metric: 0.343727

 - 200 round - train_metric: 0.232408 - valid_metric: 0.344178

 - 300 round - train_metric: 0.212194 - valid_metric: 0.342810

- fold4 valid metric: 0.425299, valid_mean:0.522318

 - 0 round - train_metric: 0.631741 - valid_metric: 0.326194

 - 100 round - train_metric: 0.277591 - valid_metric: 0.208075

 - 200 round - train_metric: 0.241346 - valid_metric: 0.220929

- fold5 valid metric: 0.470770, valid_mean:0.286477

 - 0 round - train_metric: 0.597392 - valid_metric: 0.702238

 - 100 round - train_metric: 0.259674 - valid_metric: 0.456131

 - 200 round - train_metric: 0.222480 - valid_metric: 0.447950

 - 300 round - train_metric: 0.202930 - valid_metric: 0.452552

 - 400 round - train_metric: 0.188349 - valid_metric: 0.449036

 - 500 round - train_metric: 0.178040 - valid_metric: 0.446604

 - 600 round - train_metric: 0.169328 - valid_metric: 0.444902

 - 700 round - train_metric: 0.162189 - valid_metric: 0.447987

 - 800 round - train_metric: 0.156066 - valid_metric: 0.445664

 - 900 round - train_metric: 0.150485 - valid_metric: 0.444970

 - 1000 round - train_metric: 0.145426 - valid_metric: 0.444236

 - 1100 round - train_metric: 0.140397 - valid_metric: 0.445140

 - 1200 round - train_metric: 0.136192 - valid_metric: 0.443268

 - 1300 round - train_metric: 0.132272 - valid_metric: 0.440873

 - 1400 round - train_metric: 0.128550 - valid_metric: 0.439258

 - 1500 round - train_metric: 0.125464 - valid_metric: 0.436588

 - 1600 round - train_metric: 0.122323 - valid_metric: 0.437575

 - 1700 round - train_metric: 0.119140 - valid_metric: 0.436485

 - 1800 round - train_metric: 0.116257 - valid_metric: 0.436352

 - 1900 round - train_metric: 0.113605 - valid_metric: 0.434817

- fold6 valid metric: 0.518444, valid_mean:0.433493

 - 0 round - train_metric: 0.575703 - valid_metric: 0.858962

 - 100 round - train_metric: 0.270237 - valid_metric: 0.476193

 - 200 round - train_metric: 0.240523 - valid_metric: 0.461570

 - 300 round - train_metric: 0.219514 - valid_metric: 0.464784

 - 400 round - train_metric: 0.204469 - valid_metric: 0.471419

- fold7 valid metric: 0.559934, valid_mean:0.531518

 - 0 round - train_metric: 0.608808 - valid_metric: 0.631902

 - 100 round - train_metric: 0.278217 - valid_metric: 0.314792

 - 200 round - train_metric: 0.240659 - valid_metric: 0.295002

 - 300 round - train_metric: 0.218076 - valid_metric: 0.283462

 - 400 round - train_metric: 0.199710 - valid_metric: 0.285048

 - 500 round - train_metric: 0.187378 - valid_metric: 0.285973

- fold8 valid metric: 0.692523, valid_mean:0.473579

 - 0 round - train_metric: 0.603179 - valid_metric: 0.664422

 - 100 round - train_metric: 0.273700 - valid_metric: 0.368402

 - 200 round - train_metric: 0.238926 - valid_metric: 0.354125

 - 300 round - train_metric: 0.217186 - valid_metric: 0.353599

 - 400 round - train_metric: 0.200135 - valid_metric: 0.359573

- fold9 valid metric: 0.650746, valid_mean:0.487817

all valid best metric:0.549702
